<?xml version="1.0" encoding="UTF-8"?>
<!-- Generated by org.testng.reporters.JUnitReportReporter -->
<testsuite hostname="ROHIT-KUMAR" failures="0" tests="1" name="iRCTCExample.IRCTCtest" time="22.978" errors="0" timestamp="2022-07-21T10:36:05 IST" skipped="0">
  <testcase classname="iRCTCExample.IRCTCtest" name="logincheck" time="22.978"/>
  <system-out/>
</testsuite> <!-- iRCTCExample.IRCTCtest -->
