<?xml version="1.0" encoding="UTF-8"?>
<!-- Generated by org.testng.reporters.JUnitReportReporter -->
<testsuite hostname="ROHIT-KUMAR" failures="0" tests="1" name="controlPaytmExample.Controltest" time="2.713" errors="0" timestamp="2022-07-21T11:35:19 IST" skipped="0">
  <testcase classname="controlPaytmExample.Controltest" name="verifysignin" time="2.713"/>
  <system-out/>
</testsuite> <!-- controlPaytmExample.Controltest -->
